[DEBUG][com.yangyang.dao.UserDao.add(UserDao.java:9)] --> 添加了用户信息 -- UserDao (2016-06-28 20:22:32,335)
[INFO][com.yangyang.dao.UserDao.add(UserDao.java:10)] --> 添加了用户信息 -- UserDao (2016-06-28 20:22:32,346)
[WARN][com.yangyang.dao.UserDao.add(UserDao.java:11)] --> 添加了用户信息 -- UserDao (2016-06-28 20:22:32,347)
[ERROR][com.yangyang.dao.UserDao.add(UserDao.java:12)] --> 添加了用户信息 -- UserDao (2016-06-28 20:22:32,347)
[FATAL][com.yangyang.dao.UserDao.add(UserDao.java:13)] --> 添加了用户信息 -- UserDao  (2016-06-28 20:22:32,348)
[DEBUG][com.yangyang.dao.UserService.add(UserService.java:11)] --> 添加了用户信息 -- debug (2016-06-28 20:22:32,350)
[INFO][com.yangyang.dao.UserService.add(UserService.java:12)] --> 添加了用户信息 -- info (2016-06-28 20:22:32,350)
[WARN][com.yangyang.dao.UserService.add(UserService.java:13)] --> 添加了用户信息 -- warn (2016-06-28 20:22:32,351)
[ERROR][com.yangyang.dao.UserService.add(UserService.java:14)] --> 添加了用户信息 -- error(2016-06-28 20:22:32,352)
[FATAL][com.yangyang.dao.UserService.add(UserService.java:15)] --> 添加了用户信息 -- fatal (2016-06-28 20:22:32,352)
[DEBUG][com.yangyang.dao.UserDao.add(UserDao.java:9)] --> 添加了用户信息 -- UserDao (2016-06-28 20:22:43,977)
[INFO][com.yangyang.dao.UserDao.add(UserDao.java:10)] --> 添加了用户信息 -- UserDao (2016-06-28 20:22:43,997)
[WARN][com.yangyang.dao.UserDao.add(UserDao.java:11)] --> 添加了用户信息 -- UserDao (2016-06-28 20:22:43,997)
[ERROR][com.yangyang.dao.UserDao.add(UserDao.java:12)] --> 添加了用户信息 -- UserDao (2016-06-28 20:22:43,998)
[FATAL][com.yangyang.dao.UserDao.add(UserDao.java:13)] --> 添加了用户信息 -- UserDao  (2016-06-28 20:22:43,998)
[DEBUG][com.yangyang.dao.UserService.add(UserService.java:11)] --> 添加了用户信息 -- debug (2016-06-28 20:22:44,000)
[INFO][com.yangyang.dao.UserService.add(UserService.java:12)] --> 添加了用户信息 -- info (2016-06-28 20:22:44,001)
[WARN][com.yangyang.dao.UserService.add(UserService.java:13)] --> 添加了用户信息 -- warn (2016-06-28 20:22:44,001)
[ERROR][com.yangyang.dao.UserService.add(UserService.java:14)] --> 添加了用户信息 -- error(2016-06-28 20:22:44,002)
[FATAL][com.yangyang.dao.UserService.add(UserService.java:15)] --> 添加了用户信息 -- fatal (2016-06-28 20:22:44,002)
